{
  "stats": {
    "suites": 1,
    "tests": 1,
    "passes": 0,
    "pending": 0,
    "failures": 1,
    "start": "2025-01-08T16:30:02.502Z",
    "end": "2025-01-08T16:30:11.535Z",
    "duration": 9033,
    "testsRegistered": 1,
    "passPercent": 0,
    "pendingPercent": 0,
    "other": 0,
    "hasOther": false,
    "skipped": 0,
    "hasSkipped": false
  },
  "results": [
    {
      "uuid": "8a5a8338-9c75-4cac-9225-767e8b9f3d4d",
      "title": "",
      "fullFile": "cypress\\e2e\\gui\\testesE2E.cy.js",
      "file": "cypress\\e2e\\gui\\testesE2E.cy.js",
      "beforeHooks": [],
      "afterHooks": [],
      "tests": [],
      "suites": [
        {
          "uuid": "f9f0a688-c57d-4b1d-83f6-f48d0569a1a7",
          "title": "Fluxo E2E",
          "fullFile": "",
          "file": "",
          "beforeHooks": [],
          "afterHooks": [],
          "tests": [
            {
              "title": "Criar um produto com sucesso",
              "fullTitle": "Fluxo E2E Criar um produto com sucesso",
              "timedOut": null,
              "duration": 4884,
              "state": "failed",
              "speed": null,
              "pass": false,
              "fail": true,
              "pending": false,
              "context": "{\n  \"title\": \"cypress-mochawesome-reporter-screenshots\",\n  \"value\": [\n    [\n      \"\\\\testesE2E.cy.js\\\\Fluxo E2E -- Criar um produto com sucesso (failed).png\"\n    ]\n  ]\n}",
              "code": "cy.adicionarProduto('Xbox 720', '7000.00', 'Preto, Branco');\ncy.get('#btn-salvar').should('be.visible').and('have.css', 'background-color', 'rgb(38, 166, 154)').and('have.css', 'border-bottom-color', 'rgb(255, 255, 255)').click();\ncy.url('constains', 'http://165.227.93.41/lojinha-web/v2/produto/editar');\ncy.get('.waves-effect').eq(1).click();\ncy.url().should('eq', 'http://165.227.93.41/lojinha-web/v2/produto');\ncy.get('.collection li').last().find('.title a').should('have.text', 'Xbox 720');\ncy.pageAccessibility();",
              "err": {
                "message": "TypeError: cy.adicionarProduto is not a function",
                "estack": "TypeError: cy.adicionarProduto is not a function\n    at Context.eval (webpack://automacao2/./cypress/e2e/gui/testesE2E.cy.js:13:9)",
                "diff": null
              },
              "uuid": "0e3549b0-1897-4dd1-bf75-5dc2ad661a8d",
              "parentUUID": "f9f0a688-c57d-4b1d-83f6-f48d0569a1a7",
              "isHook": false,
              "skipped": false
            }
          ],
          "suites": [],
          "passes": [],
          "failures": [
            "0e3549b0-1897-4dd1-bf75-5dc2ad661a8d"
          ],
          "pending": [],
          "skipped": [],
          "duration": 4884,
          "root": false,
          "rootEmpty": false,
          "_timeout": 2000
        }
      ],
      "passes": [],
      "failures": [],
      "pending": [],
      "skipped": [],
      "duration": 0,
      "root": true,
      "rootEmpty": true,
      "_timeout": 2000
    }
  ],
  "meta": {
    "mocha": {
      "version": "7.0.1"
    },
    "mochawesome": {
      "options": {
        "quiet": false,
        "reportFilename": "mochawesome",
        "saveHtml": true,
        "saveJson": true,
        "consoleReporter": "spec",
        "useInlineDiffs": false,
        "code": true
      },
      "version": "7.1.3"
    },
    "marge": {
      "options": {
        "reportDir": "cypress/reports",
        "overwrite": false,
        "html": true,
        "json": true,
        "embeddedScreenshots": true
      },
      "version": "6.2.0"
    }
  }
}