{
  "stats": {
    "suites": 1,
    "tests": 1,
    "passes": 1,
    "pending": 0,
    "failures": 0,
    "start": "2025-01-08T16:51:03.626Z",
    "end": "2025-01-08T16:51:16.038Z",
    "duration": 12412,
    "testsRegistered": 1,
    "passPercent": 100,
    "pendingPercent": 0,
    "other": 0,
    "hasOther": false,
    "skipped": 0,
    "hasSkipped": false
  },
  "results": [
    {
      "uuid": "ba76f6c4-d4fa-46f7-a36a-932f5460b91c",
      "title": "",
      "fullFile": "cypress\\e2e\\gui\\testesE2E.cy.js",
      "file": "cypress\\e2e\\gui\\testesE2E.cy.js",
      "beforeHooks": [],
      "afterHooks": [],
      "tests": [],
      "suites": [
        {
          "uuid": "4fd1e3f7-271d-4ca9-bad1-b4d817caa845",
          "title": "Fluxo E2E",
          "fullFile": "",
          "file": "",
          "beforeHooks": [],
          "afterHooks": [],
          "tests": [
            {
              "title": "Criar um produto com sucesso",
              "fullTitle": "Fluxo E2E Criar um produto com sucesso",
              "timedOut": null,
              "duration": 9112,
              "state": "passed",
              "speed": "medium",
              "pass": true,
              "fail": false,
              "pending": false,
              "context": null,
              "code": "cy.novoProduto('Celular iphone', '7000.00', 'Preto, Branco');\ncy.get('#btn-salvar').click();\ncy.url('http://165.227.93.41/lojinha-web/v2/produto');\ncy.pageAccessibility();\ncy.url('constains', 'http://165.227.93.41/lojinha-web/v2/produto/editar');\ncy.get('.waves-effect').eq(1).click();\ncy.url().should('eq', 'http://165.227.93.41/lojinha-web/v2/produto');",
              "err": {},
              "uuid": "1fcfc030-009f-459a-ac47-e40a0c06eec9",
              "parentUUID": "4fd1e3f7-271d-4ca9-bad1-b4d817caa845",
              "isHook": false,
              "skipped": false
            }
          ],
          "suites": [],
          "passes": [
            "1fcfc030-009f-459a-ac47-e40a0c06eec9"
          ],
          "failures": [],
          "pending": [],
          "skipped": [],
          "duration": 9112,
          "root": false,
          "rootEmpty": false,
          "_timeout": 2000
        }
      ],
      "passes": [],
      "failures": [],
      "pending": [],
      "skipped": [],
      "duration": 0,
      "root": true,
      "rootEmpty": true,
      "_timeout": 2000
    }
  ],
  "meta": {
    "mocha": {
      "version": "7.0.1"
    },
    "mochawesome": {
      "options": {
        "quiet": false,
        "reportFilename": "mochawesome",
        "saveHtml": true,
        "saveJson": true,
        "consoleReporter": "spec",
        "useInlineDiffs": false,
        "code": true
      },
      "version": "7.1.3"
    },
    "marge": {
      "options": {
        "reportDir": "cypress/reports",
        "overwrite": false,
        "html": true,
        "json": true,
        "embeddedScreenshots": true
      },
      "version": "6.2.0"
    }
  }
}